<?xml version="1.0" encoding="UTF-8"?>
<testsuite xmlns:xsi="http://www.w3.org/2001/XMLSchema-instance" xsi:noNamespaceSchemaLocation="https://maven.apache.org/surefire/maven-surefire-plugin/xsd/surefire-test-report.xsd" name="org.local.gistman.GistTests" time="4.481" tests="3" errors="0" skipped="0" failures="0">
  <properties>
[...]
</properties>
  <testcase name="makeGist" classname="org.local.gistman.GistTests" time="3.219"/>
  <testcase name="checkGist" classname="org.local.gistman.GistTests" time="0.324"/>
  <testcase name="removeGist" classname="org.local.gistman.GistTests" time="0.369"/>
</testsuite>